package configuration for openssl is not found
have_library: checking for main() in -lssl... -------------------- yes

"xcrun clang -o conftest -I/System/Library/Frameworks/Ruby.framework/Versions/2.0/usr/include/ruby-2.0.0/universal-darwin14 -I/System/Library/Frameworks/Ruby.framework/Versions/2.0/usr/include/ruby-2.0.0/ruby/backward -I/System/Library/Frameworks/Ruby.framework/Versions/2.0/usr/include/ruby-2.0.0 -I. -D_XOPEN_SOURCE -D_DARWIN_C_SOURCE -D_DARWIN_UNLIMITED_SELECT -D_REENTRANT    -g -Os -pipe -DHAVE_GCC_SYNC_BUILTINS conftest.c  -L. -L/System/Library/Frameworks/Ruby.framework/Versions/2.0/usr/lib -L. -L/usr/local/lib   -arch x86_64 -arch i386   -lruby.2.0.0  -lpthread -ldl -lobjc "
checked program was:
/* begin */
1: #include "ruby.h"
2: 
3: int main(int argc, char **argv)
4: {
5:   return 0;
6: }
/* end */

"xcrun clang -o conftest -I/System/Library/Frameworks/Ruby.framework/Versions/2.0/usr/include/ruby-2.0.0/universal-darwin14 -I/System/Library/Frameworks/Ruby.framework/Versions/2.0/usr/include/ruby-2.0.0/ruby/backward -I/System/Library/Frameworks/Ruby.framework/Versions/2.0/usr/include/ruby-2.0.0 -I. -D_XOPEN_SOURCE -D_DARWIN_C_SOURCE -D_DARWIN_UNLIMITED_SELECT -D_REENTRANT    -g -Os -pipe -DHAVE_GCC_SYNC_BUILTINS conftest.c  -L. -L/System/Library/Frameworks/Ruby.framework/Versions/2.0/usr/lib -L. -L/usr/local/lib   -arch x86_64 -arch i386   -lruby.2.0.0  -lssl -lpthread -ldl -lobjc "
conftest.c:5:57: error: use of undeclared identifier 'main'
int t(void) { void ((*volatile p)()); p = (void ((*)()))main; return 0; }
                                                        ^
1 error generated.
checked program was:
/* begin */
 1: #include "ruby.h"
 2: 
 3: /*top*/
 4: extern int t(void);
 5: int t(void) { void ((*volatile p)()); p = (void ((*)()))main; return 0; }
 6: int main(int argc, char **argv)
 7: {
 8:   if (argc > 1000000) {
 9:     printf("%p", &t);
10:   }
11: 
12:   return 0;
13: }
/* end */

"xcrun clang -o conftest -I/System/Library/Frameworks/Ruby.framework/Versions/2.0/usr/include/ruby-2.0.0/universal-darwin14 -I/System/Library/Frameworks/Ruby.framework/Versions/2.0/usr/include/ruby-2.0.0/ruby/backward -I/System/Library/Frameworks/Ruby.framework/Versions/2.0/usr/include/ruby-2.0.0 -I. -D_XOPEN_SOURCE -D_DARWIN_C_SOURCE -D_DARWIN_UNLIMITED_SELECT -D_REENTRANT    -g -Os -pipe -DHAVE_GCC_SYNC_BUILTINS conftest.c  -L. -L/System/Library/Frameworks/Ruby.framework/Versions/2.0/usr/lib -L. -L/usr/local/lib   -arch x86_64 -arch i386   -lruby.2.0.0  -lssl -lpthread -ldl -lobjc "
conftest.c:5:15: warning: implicit declaration of function 'main' is invalid in C99 [-Wimplicit-function-declaration]
int t(void) { main(); return 0; }
              ^
1 warning generated.
conftest.c:5:15: warning: implicit declaration of function 'main' is invalid in C99 [-Wimplicit-function-declaration]
int t(void) { main(); return 0; }
              ^
1 warning generated.
checked program was:
/* begin */
 1: #include "ruby.h"
 2: 
 3: /*top*/
 4: extern int t(void);
 5: int t(void) { main(); return 0; }
 6: int main(int argc, char **argv)
 7: {
 8:   if (argc > 1000000) {
 9:     printf("%p", &t);
10:   }
11: 
12:   return 0;
13: }
/* end */

--------------------

have_library: checking for main() in -lcrypto... -------------------- yes

"xcrun clang -o conftest -I/System/Library/Frameworks/Ruby.framework/Versions/2.0/usr/include/ruby-2.0.0/universal-darwin14 -I/System/Library/Frameworks/Ruby.framework/Versions/2.0/usr/include/ruby-2.0.0/ruby/backward -I/System/Library/Frameworks/Ruby.framework/Versions/2.0/usr/include/ruby-2.0.0 -I. -D_XOPEN_SOURCE -D_DARWIN_C_SOURCE -D_DARWIN_UNLIMITED_SELECT -D_REENTRANT    -g -Os -pipe -DHAVE_GCC_SYNC_BUILTINS conftest.c  -L. -L/System/Library/Frameworks/Ruby.framework/Versions/2.0/usr/lib -L. -L/usr/local/lib   -arch x86_64 -arch i386   -lssl -lruby.2.0.0  -lssl -lcrypto -lpthread -ldl -lobjc "
conftest.c:5:57: error: use of undeclared identifier 'main'
int t(void) { void ((*volatile p)()); p = (void ((*)()))main; return 0; }
                                                        ^
1 error generated.
checked program was:
/* begin */
 1: #include "ruby.h"
 2: 
 3: /*top*/
 4: extern int t(void);
 5: int t(void) { void ((*volatile p)()); p = (void ((*)()))main; return 0; }
 6: int main(int argc, char **argv)
 7: {
 8:   if (argc > 1000000) {
 9:     printf("%p", &t);
10:   }
11: 
12:   return 0;
13: }
/* end */

"xcrun clang -o conftest -I/System/Library/Frameworks/Ruby.framework/Versions/2.0/usr/include/ruby-2.0.0/universal-darwin14 -I/System/Library/Frameworks/Ruby.framework/Versions/2.0/usr/include/ruby-2.0.0/ruby/backward -I/System/Library/Frameworks/Ruby.framework/Versions/2.0/usr/include/ruby-2.0.0 -I. -D_XOPEN_SOURCE -D_DARWIN_C_SOURCE -D_DARWIN_UNLIMITED_SELECT -D_REENTRANT    -g -Os -pipe -DHAVE_GCC_SYNC_BUILTINS conftest.c  -L. -L/System/Library/Frameworks/Ruby.framework/Versions/2.0/usr/lib -L. -L/usr/local/lib   -arch x86_64 -arch i386   -lssl -lruby.2.0.0  -lssl -lcrypto -lpthread -ldl -lobjc "
conftest.c:5:15: warning: implicit declaration of function 'main' is invalid in C99 [-Wimplicit-function-declaration]
int t(void) { main(); return 0; }
              ^
1 warning generated.
conftest.c:5:15: warning: implicit declaration of function 'main' is invalid in C99 [-Wimplicit-function-declaration]
int t(void) { main(); return 0; }
              ^
1 warning generated.
checked program was:
/* begin */
 1: #include "ruby.h"
 2: 
 3: /*top*/
 4: extern int t(void);
 5: int t(void) { main(); return 0; }
 6: int main(int argc, char **argv)
 7: {
 8:   if (argc > 1000000) {
 9:     printf("%p", &t);
10:   }
11: 
12:   return 0;
13: }
/* end */

--------------------

have_header: checking for openssl/ssl.h... -------------------- yes

"xcrun clang -I/System/Library/Frameworks/Ruby.framework/Versions/2.0/usr/include/ruby-2.0.0/universal-darwin14 -I/System/Library/Frameworks/Ruby.framework/Versions/2.0/usr/include/ruby-2.0.0/ruby/backward -I/System/Library/Frameworks/Ruby.framework/Versions/2.0/usr/include/ruby-2.0.0 -I. -D_XOPEN_SOURCE -D_DARWIN_C_SOURCE -D_DARWIN_UNLIMITED_SELECT -D_REENTRANT    -g -Os -pipe -DHAVE_GCC_SYNC_BUILTINS  -arch x86_64 -arch i386  -c conftest.c"
checked program was:
/* begin */
1: #include "ruby.h"
2: 
3: #include <openssl/ssl.h>
/* end */

--------------------

have_header: checking for openssl/err.h... -------------------- yes

"xcrun clang -I/System/Library/Frameworks/Ruby.framework/Versions/2.0/usr/include/ruby-2.0.0/universal-darwin14 -I/System/Library/Frameworks/Ruby.framework/Versions/2.0/usr/include/ruby-2.0.0/ruby/backward -I/System/Library/Frameworks/Ruby.framework/Versions/2.0/usr/include/ruby-2.0.0 -I. -D_XOPEN_SOURCE -D_DARWIN_C_SOURCE -D_DARWIN_UNLIMITED_SELECT -D_REENTRANT    -g -Os -pipe -DHAVE_GCC_SYNC_BUILTINS  -arch x86_64 -arch i386  -c conftest.c"
checked program was:
/* begin */
1: #include "ruby.h"
2: 
3: #include <openssl/err.h>
/* end */

--------------------

have_var: checking for rb_trap_immediate in ruby.h,rubysig.h... -------------------- no

"xcrun clang -I/System/Library/Frameworks/Ruby.framework/Versions/2.0/usr/include/ruby-2.0.0/universal-darwin14 -I/System/Library/Frameworks/Ruby.framework/Versions/2.0/usr/include/ruby-2.0.0/ruby/backward -I/System/Library/Frameworks/Ruby.framework/Versions/2.0/usr/include/ruby-2.0.0 -I. -D_XOPEN_SOURCE -D_DARWIN_C_SOURCE -D_DARWIN_UNLIMITED_SELECT -D_REENTRANT    -g -Os -pipe -DHAVE_GCC_SYNC_BUILTINS  -arch x86_64 -arch i386  -c conftest.c"
In file included from conftest.c:4:
/System/Library/Frameworks/Ruby.framework/Versions/2.0/usr/include/ruby-2.0.0/ruby/backward/rubysig.h:14:2: warning: rubysig.h is obsolete [-W#warnings]
#warning rubysig.h is obsolete
 ^
conftest.c:8:55: error: use of undeclared identifier 'rb_trap_immediate'
int t(void) { const volatile void *volatile p; p = &(&rb_trap_immediate)[0]; return 0; }
                                                      ^
1 warning and 1 error generated.
checked program was:
/* begin */
 1: #include "ruby.h"
 2: 
 3: #include <ruby.h>
 4: #include <rubysig.h>
 5: 
 6: /*top*/
 7: extern int t(void);
 8: int t(void) { const volatile void *volatile p; p = &(&rb_trap_immediate)[0]; return 0; }
 9: int main(int argc, char **argv)
10: {
11:   if (argc > 1000000) {
12:     printf("%p", &t);
13:   }
14: 
15:   return 0;
16: }
/* end */

--------------------

have_func: checking for rb_thread_blocking_region()... -------------------- yes

"xcrun clang -o conftest -I/System/Library/Frameworks/Ruby.framework/Versions/2.0/usr/include/ruby-2.0.0/universal-darwin14 -I/System/Library/Frameworks/Ruby.framework/Versions/2.0/usr/include/ruby-2.0.0/ruby/backward -I/System/Library/Frameworks/Ruby.framework/Versions/2.0/usr/include/ruby-2.0.0 -I. -D_XOPEN_SOURCE -D_DARWIN_C_SOURCE -D_DARWIN_UNLIMITED_SELECT -D_REENTRANT    -g -Os -pipe -DHAVE_GCC_SYNC_BUILTINS conftest.c  -L. -L/System/Library/Frameworks/Ruby.framework/Versions/2.0/usr/lib -L. -L/usr/local/lib   -arch x86_64 -arch i386   -lssl -lcrypto -lruby.2.0.0  -lssl -lcrypto -lpthread -ldl -lobjc "
checked program was:
/* begin */
 1: #include "ruby.h"
 2: 
 3: /*top*/
 4: extern int t(void);
 5: int t(void) { void ((*volatile p)()); p = (void ((*)()))rb_thread_blocking_region; return 0; }
 6: int main(int argc, char **argv)
 7: {
 8:   if (argc > 1000000) {
 9:     printf("%p", &t);
10:   }
11: 
12:   return 0;
13: }
/* end */

--------------------

have_func: checking for inotify_init() in sys/inotify.h... -------------------- no

"xcrun clang -o conftest -I/System/Library/Frameworks/Ruby.framework/Versions/2.0/usr/include/ruby-2.0.0/universal-darwin14 -I/System/Library/Frameworks/Ruby.framework/Versions/2.0/usr/include/ruby-2.0.0/ruby/backward -I/System/Library/Frameworks/Ruby.framework/Versions/2.0/usr/include/ruby-2.0.0 -I. -D_XOPEN_SOURCE -D_DARWIN_C_SOURCE -D_DARWIN_UNLIMITED_SELECT -D_REENTRANT    -g -Os -pipe -DHAVE_GCC_SYNC_BUILTINS conftest.c  -L. -L/System/Library/Frameworks/Ruby.framework/Versions/2.0/usr/lib -L. -L/usr/local/lib   -arch x86_64 -arch i386   -lssl -lcrypto -lruby.2.0.0  -lssl -lcrypto -lpthread -ldl -lobjc "
conftest.c:3:10: fatal error: 'sys/inotify.h' file not found
#include <sys/inotify.h>
         ^
1 error generated.
checked program was:
/* begin */
 1: #include "ruby.h"
 2: 
 3: #include <sys/inotify.h>
 4: 
 5: /*top*/
 6: extern int t(void);
 7: int t(void) { void ((*volatile p)()); p = (void ((*)()))inotify_init; return 0; }
 8: int main(int argc, char **argv)
 9: {
10:   if (argc > 1000000) {
11:     printf("%p", &t);
12:   }
13: 
14:   return 0;
15: }
/* end */

"xcrun clang -o conftest -I/System/Library/Frameworks/Ruby.framework/Versions/2.0/usr/include/ruby-2.0.0/universal-darwin14 -I/System/Library/Frameworks/Ruby.framework/Versions/2.0/usr/include/ruby-2.0.0/ruby/backward -I/System/Library/Frameworks/Ruby.framework/Versions/2.0/usr/include/ruby-2.0.0 -I. -D_XOPEN_SOURCE -D_DARWIN_C_SOURCE -D_DARWIN_UNLIMITED_SELECT -D_REENTRANT    -g -Os -pipe -DHAVE_GCC_SYNC_BUILTINS conftest.c  -L. -L/System/Library/Frameworks/Ruby.framework/Versions/2.0/usr/lib -L. -L/usr/local/lib   -arch x86_64 -arch i386   -lssl -lcrypto -lruby.2.0.0  -lssl -lcrypto -lpthread -ldl -lobjc "
conftest.c:3:10: fatal error: 'sys/inotify.h' file not found
#include <sys/inotify.h>
         ^
1 error generated.
checked program was:
/* begin */
 1: #include "ruby.h"
 2: 
 3: #include <sys/inotify.h>
 4: 
 5: /*top*/
 6: extern int t(void);
 7: int t(void) { inotify_init(); return 0; }
 8: int main(int argc, char **argv)
 9: {
10:   if (argc > 1000000) {
11:     printf("%p", &t);
12:   }
13: 
14:   return 0;
15: }
/* end */

--------------------

have_macro: checking for __NR_inotify_init in sys/syscall.h... -------------------- no

"xcrun clang -I/System/Library/Frameworks/Ruby.framework/Versions/2.0/usr/include/ruby-2.0.0/universal-darwin14 -I/System/Library/Frameworks/Ruby.framework/Versions/2.0/usr/include/ruby-2.0.0/ruby/backward -I/System/Library/Frameworks/Ruby.framework/Versions/2.0/usr/include/ruby-2.0.0 -I. -D_XOPEN_SOURCE -D_DARWIN_C_SOURCE -D_DARWIN_UNLIMITED_SELECT -D_REENTRANT    -g -Os -pipe -DHAVE_GCC_SYNC_BUILTINS  -arch x86_64 -arch i386  -c conftest.c"
conftest.c:6:3: error: 
# error
  ^
conftest.c:7:1: error: expected identifier or '('
|:/ === __NR_inotify_init undefined === /:|
^
2 errors generated.
checked program was:
/* begin */
1: #include "ruby.h"
2: 
3: #include <sys/syscall.h>
4: /*top*/
5: #ifndef __NR_inotify_init
6: # error
7: |:/ === __NR_inotify_init undefined === /:|
8: #endif
/* end */

--------------------

have_func: checking for writev() in sys/uio.h... -------------------- yes

"xcrun clang -o conftest -I/System/Library/Frameworks/Ruby.framework/Versions/2.0/usr/include/ruby-2.0.0/universal-darwin14 -I/System/Library/Frameworks/Ruby.framework/Versions/2.0/usr/include/ruby-2.0.0/ruby/backward -I/System/Library/Frameworks/Ruby.framework/Versions/2.0/usr/include/ruby-2.0.0 -I. -D_XOPEN_SOURCE -D_DARWIN_C_SOURCE -D_DARWIN_UNLIMITED_SELECT -D_REENTRANT    -g -Os -pipe -DHAVE_GCC_SYNC_BUILTINS conftest.c  -L. -L/System/Library/Frameworks/Ruby.framework/Versions/2.0/usr/lib -L. -L/usr/local/lib   -arch x86_64 -arch i386   -lssl -lcrypto -lruby.2.0.0  -lssl -lcrypto -lpthread -ldl -lobjc "
checked program was:
/* begin */
 1: #include "ruby.h"
 2: 
 3: #include <sys/uio.h>
 4: 
 5: /*top*/
 6: extern int t(void);
 7: int t(void) { void ((*volatile p)()); p = (void ((*)()))writev; return 0; }
 8: int main(int argc, char **argv)
 9: {
10:   if (argc > 1000000) {
11:     printf("%p", &t);
12:   }
13: 
14:   return 0;
15: }
/* end */

--------------------

have_func: checking for rb_wait_for_single_fd()... -------------------- yes

"xcrun clang -o conftest -I/System/Library/Frameworks/Ruby.framework/Versions/2.0/usr/include/ruby-2.0.0/universal-darwin14 -I/System/Library/Frameworks/Ruby.framework/Versions/2.0/usr/include/ruby-2.0.0/ruby/backward -I/System/Library/Frameworks/Ruby.framework/Versions/2.0/usr/include/ruby-2.0.0 -I. -D_XOPEN_SOURCE -D_DARWIN_C_SOURCE -D_DARWIN_UNLIMITED_SELECT -D_REENTRANT    -g -Os -pipe -DHAVE_GCC_SYNC_BUILTINS conftest.c  -L. -L/System/Library/Frameworks/Ruby.framework/Versions/2.0/usr/lib -L. -L/usr/local/lib   -arch x86_64 -arch i386   -lssl -lcrypto -lruby.2.0.0  -lssl -lcrypto -lpthread -ldl -lobjc "
conftest.c:5:57: error: use of undeclared identifier 'rb_wait_for_single_fd'
int t(void) { void ((*volatile p)()); p = (void ((*)()))rb_wait_for_single_fd; return 0; }
                                                        ^
1 error generated.
checked program was:
/* begin */
 1: #include "ruby.h"
 2: 
 3: /*top*/
 4: extern int t(void);
 5: int t(void) { void ((*volatile p)()); p = (void ((*)()))rb_wait_for_single_fd; return 0; }
 6: int main(int argc, char **argv)
 7: {
 8:   if (argc > 1000000) {
 9:     printf("%p", &t);
10:   }
11: 
12:   return 0;
13: }
/* end */

"xcrun clang -o conftest -I/System/Library/Frameworks/Ruby.framework/Versions/2.0/usr/include/ruby-2.0.0/universal-darwin14 -I/System/Library/Frameworks/Ruby.framework/Versions/2.0/usr/include/ruby-2.0.0/ruby/backward -I/System/Library/Frameworks/Ruby.framework/Versions/2.0/usr/include/ruby-2.0.0 -I. -D_XOPEN_SOURCE -D_DARWIN_C_SOURCE -D_DARWIN_UNLIMITED_SELECT -D_REENTRANT    -g -Os -pipe -DHAVE_GCC_SYNC_BUILTINS conftest.c  -L. -L/System/Library/Frameworks/Ruby.framework/Versions/2.0/usr/lib -L. -L/usr/local/lib   -arch x86_64 -arch i386   -lssl -lcrypto -lruby.2.0.0  -lssl -lcrypto -lpthread -ldl -lobjc "
conftest.c:5:15: warning: implicit declaration of function 'rb_wait_for_single_fd' is invalid in C99 [-Wimplicit-function-declaration]
int t(void) { rb_wait_for_single_fd(); return 0; }
              ^
1 warning generated.
conftest.c:5:15: warning: implicit declaration of function 'rb_wait_for_single_fd' is invalid in C99 [-Wimplicit-function-declaration]
int t(void) { rb_wait_for_single_fd(); return 0; }
              ^
1 warning generated.
checked program was:
/* begin */
 1: #include "ruby.h"
 2: 
 3: /*top*/
 4: extern int t(void);
 5: int t(void) { rb_wait_for_single_fd(); return 0; }
 6: int main(int argc, char **argv)
 7: {
 8:   if (argc > 1000000) {
 9:     printf("%p", &t);
10:   }
11: 
12:   return 0;
13: }
/* end */

--------------------

have_func: checking for rb_enable_interrupt()... -------------------- no

"xcrun clang -o conftest -I/System/Library/Frameworks/Ruby.framework/Versions/2.0/usr/include/ruby-2.0.0/universal-darwin14 -I/System/Library/Frameworks/Ruby.framework/Versions/2.0/usr/include/ruby-2.0.0/ruby/backward -I/System/Library/Frameworks/Ruby.framework/Versions/2.0/usr/include/ruby-2.0.0 -I. -D_XOPEN_SOURCE -D_DARWIN_C_SOURCE -D_DARWIN_UNLIMITED_SELECT -D_REENTRANT    -g -Os -pipe -DHAVE_GCC_SYNC_BUILTINS conftest.c  -L. -L/System/Library/Frameworks/Ruby.framework/Versions/2.0/usr/lib -L. -L/usr/local/lib   -arch x86_64 -arch i386   -lssl -lcrypto -lruby.2.0.0  -lssl -lcrypto -lpthread -ldl -lobjc "
conftest.c:5:57: error: use of undeclared identifier 'rb_enable_interrupt'
int t(void) { void ((*volatile p)()); p = (void ((*)()))rb_enable_interrupt; return 0; }
                                                        ^
1 error generated.
checked program was:
/* begin */
 1: #include "ruby.h"
 2: 
 3: /*top*/
 4: extern int t(void);
 5: int t(void) { void ((*volatile p)()); p = (void ((*)()))rb_enable_interrupt; return 0; }
 6: int main(int argc, char **argv)
 7: {
 8:   if (argc > 1000000) {
 9:     printf("%p", &t);
10:   }
11: 
12:   return 0;
13: }
/* end */

"xcrun clang -o conftest -I/System/Library/Frameworks/Ruby.framework/Versions/2.0/usr/include/ruby-2.0.0/universal-darwin14 -I/System/Library/Frameworks/Ruby.framework/Versions/2.0/usr/include/ruby-2.0.0/ruby/backward -I/System/Library/Frameworks/Ruby.framework/Versions/2.0/usr/include/ruby-2.0.0 -I. -D_XOPEN_SOURCE -D_DARWIN_C_SOURCE -D_DARWIN_UNLIMITED_SELECT -D_REENTRANT    -g -Os -pipe -DHAVE_GCC_SYNC_BUILTINS conftest.c  -L. -L/System/Library/Frameworks/Ruby.framework/Versions/2.0/usr/lib -L. -L/usr/local/lib   -arch x86_64 -arch i386   -lssl -lcrypto -lruby.2.0.0  -lssl -lcrypto -lpthread -ldl -lobjc "
conftest.c:5:15: warning: implicit declaration of function 'rb_enable_interrupt' is invalid in C99 [-Wimplicit-function-declaration]
int t(void) { rb_enable_interrupt(); return 0; }
              ^
1 warning generated.
Undefined symbols for architecture x86_64:
  "_rb_enable_interrupt", referenced from:
      _t in conftest-b7da36.o
ld: symbol(s) not found for architecture x86_64
conftest.c:5:15: warning: implicit declaration of function 'rb_enable_interrupt' is invalid in C99 [-Wimplicit-function-declaration]
int t(void) { rb_enable_interrupt(); return 0; }
              ^
1 warning generated.
clang: error: linker command failed with exit code 1 (use -v to see invocation)
checked program was:
/* begin */
 1: #include "ruby.h"
 2: 
 3: /*top*/
 4: extern int t(void);
 5: int t(void) { rb_enable_interrupt(); return 0; }
 6: int main(int argc, char **argv)
 7: {
 8:   if (argc > 1000000) {
 9:     printf("%p", &t);
10:   }
11: 
12:   return 0;
13: }
/* end */

--------------------

have_func: checking for rb_time_new()... -------------------- yes

"xcrun clang -o conftest -I/System/Library/Frameworks/Ruby.framework/Versions/2.0/usr/include/ruby-2.0.0/universal-darwin14 -I/System/Library/Frameworks/Ruby.framework/Versions/2.0/usr/include/ruby-2.0.0/ruby/backward -I/System/Library/Frameworks/Ruby.framework/Versions/2.0/usr/include/ruby-2.0.0 -I. -D_XOPEN_SOURCE -D_DARWIN_C_SOURCE -D_DARWIN_UNLIMITED_SELECT -D_REENTRANT    -g -Os -pipe -DHAVE_GCC_SYNC_BUILTINS conftest.c  -L. -L/System/Library/Frameworks/Ruby.framework/Versions/2.0/usr/lib -L. -L/usr/local/lib   -arch x86_64 -arch i386   -lssl -lcrypto -lruby.2.0.0  -lssl -lcrypto -lpthread -ldl -lobjc "
checked program was:
/* begin */
 1: #include "ruby.h"
 2: 
 3: /*top*/
 4: extern int t(void);
 5: int t(void) { void ((*volatile p)()); p = (void ((*)()))rb_time_new; return 0; }
 6: int main(int argc, char **argv)
 7: {
 8:   if (argc > 1000000) {
 9:     printf("%p", &t);
10:   }
11: 
12:   return 0;
13: }
/* end */

--------------------

have_header: checking for sys/event.h... -------------------- yes

"xcrun clang -I/System/Library/Frameworks/Ruby.framework/Versions/2.0/usr/include/ruby-2.0.0/universal-darwin14 -I/System/Library/Frameworks/Ruby.framework/Versions/2.0/usr/include/ruby-2.0.0/ruby/backward -I/System/Library/Frameworks/Ruby.framework/Versions/2.0/usr/include/ruby-2.0.0 -I. -D_XOPEN_SOURCE -D_DARWIN_C_SOURCE -D_DARWIN_UNLIMITED_SELECT -D_REENTRANT    -g -Os -pipe -DHAVE_GCC_SYNC_BUILTINS  -arch x86_64 -arch i386  -c conftest.c"
checked program was:
/* begin */
1: #include "ruby.h"
2: 
3: #include <sys/event.h>
/* end */

--------------------

have_header: checking for sys/queue.h... -------------------- yes

"xcrun clang -I/System/Library/Frameworks/Ruby.framework/Versions/2.0/usr/include/ruby-2.0.0/universal-darwin14 -I/System/Library/Frameworks/Ruby.framework/Versions/2.0/usr/include/ruby-2.0.0/ruby/backward -I/System/Library/Frameworks/Ruby.framework/Versions/2.0/usr/include/ruby-2.0.0 -I. -D_XOPEN_SOURCE -D_DARWIN_C_SOURCE -D_DARWIN_UNLIMITED_SELECT -D_REENTRANT    -g -Os -pipe -DHAVE_GCC_SYNC_BUILTINS  -arch x86_64 -arch i386  -c conftest.c"
checked program was:
/* begin */
1: #include "ruby.h"
2: 
3: #include <sys/queue.h>
/* end */

--------------------

"xcrun clang++ -o conftest -I/System/Library/Frameworks/Ruby.framework/Versions/2.0/usr/include/ruby-2.0.0/universal-darwin14 -I/System/Library/Frameworks/Ruby.framework/Versions/2.0/usr/include/ruby-2.0.0/ruby/backward -I/System/Library/Frameworks/Ruby.framework/Versions/2.0/usr/include/ruby-2.0.0 -I. -D_XOPEN_SOURCE -D_DARWIN_C_SOURCE -D_DARWIN_UNLIMITED_SELECT -D_REENTRANT    -g -Os -pipe -DHAVE_GCC_SYNC_BUILTINS conftest.c  -L. -L/System/Library/Frameworks/Ruby.framework/Versions/2.0/usr/lib -L. -L/usr/local/lib   -arch x86_64 -arch i386   -lssl -lcrypto -lruby.2.0.0 -lstdc++ -lpthread -ldl -lobjc "
clang: warning: treating 'c' input as 'c++' when in C++ mode, this behavior is deprecated
checked program was:
/* begin */
1: #include "ruby.h"
2: 
3:   #include <utility>
4:   using namespace std;
5:   int main(){ pair<int,int> tuple = make_pair(1,2); }
/* end */

